Using pre-set license

 COMMAND LINE ARGUMENTS:
/Applications/Unity/Hub/Editor/2020.3.9f1c1/Unity.app/Contents/MacOS/Unity
-adb2
-batchMode
-noUpm
-name
AssetImportWorker1
-projectPath
/Users/llh/UnityProjects/PersonalProjects/QFramework_ShootingEditor2D
-logFile
Logs/AssetImportWorker1.log
-srvPort
60257
Successfully changed project path to: /Users/llh/UnityProjects/PersonalProjects/QFramework_ShootingEditor2D
/Users/llh/UnityProjects/PersonalProjects/QFramework_ShootingEditor2D
Using Asset Import Pipeline V2.
Refreshing native plugins compatible for Editor in 47.42 ms, found 2 plugins.
Preloading 0 native plugins for Editor in 0.00 ms.
Initialize engine version: 2020.3.9f1c1 (ef65345766d1)
[Subsystems] Discovering subsystems at path /Applications/Unity/Hub/Editor/2020.3.9f1c1/Unity.app/Contents/Resources/UnitySubsystems
[Subsystems] Discovering subsystems at path /Users/llh/UnityProjects/PersonalProjects/QFramework_ShootingEditor2D/Assets
GfxDevice: creating device client; threaded=0
2021-10-20 16:50:08.871 Unity[90424:3076588] Color LCD preferred device: Intel(R) Iris(TM) Plus Graphics (low power)
2021-10-20 16:50:08.871 Unity[90424:3076588] Metal devices available: 1
2021-10-20 16:50:08.871 Unity[90424:3076588] 0: Intel(R) Iris(TM) Plus Graphics (low power)
2021-10-20 16:50:08.871 Unity[90424:3076588] Using device Intel(R) Iris(TM) Plus Graphics (low power)
Initializing Metal device caps: Intel(R) Iris(TM) Plus Graphics
Initialize mono
Mono path[0] = '/Applications/Unity/Hub/Editor/2020.3.9f1c1/Unity.app/Contents/Managed'
Mono path[1] = '/Applications/Unity/Hub/Editor/2020.3.9f1c1/Unity.app/Contents/MonoBleedingEdge/lib/mono/unityjit'
Mono config path = '/Applications/Unity/Hub/Editor/2020.3.9f1c1/Unity.app/Contents/MonoBleedingEdge/etc'
Using monoOptions --debugger-agent=transport=dt_socket,embedding=1,server=y,suspend=n,address=127.0.0.1:56424
Begin MonoManager ReloadAssembly
Registering precompiled unity dll's ...
Register platform support module: /Applications/Unity/Hub/Editor/2020.3.9f1c1/Unity.app/Contents/PlaybackEngines/MacStandaloneSupport/UnityEditor.OSXStandalone.Extensions.dll
Register platform support module: /Applications/Unity/Hub/Editor/2020.3.9f1c1/PlaybackEngines/WindowsStandaloneSupport/UnityEditor.WindowsStandalone.Extensions.dll
Registered in 0.000919 seconds.
Native extension for WindowsStandalone target not found
Native extension for OSXStandalone target not found
Refreshing native plugins compatible for Editor in 42.76 ms, found 2 plugins.
Preloading 0 native plugins for Editor in 0.00 ms.
Mono: successfully reloaded assembly
- Completed reload, in  4.623 seconds
Platform modules already initialized, skipping
Registering precompiled user dll's ...
Registered in 0.000697 seconds.
Begin MonoManager ReloadAssembly
Native extension for WindowsStandalone target not found
Native extension for OSXStandalone target not found
Refreshing native plugins compatible for Editor in 43.48 ms, found 2 plugins.
Preloading 0 native plugins for Editor in 0.00 ms.
Mono: successfully reloaded assembly
- Completed reload, in  1.159 seconds
Platform modules already initialized, skipping
========================================================================
Worker process is ready to serve import requests
Launching external process: /Applications/Unity/Hub/Editor/2020.3.9f1c1/Unity.app/Contents/Tools/UnityShaderCompiler
Launched and connected shader compiler UnityShaderCompiler after 0.03 seconds
Refreshing native plugins compatible for Editor in 0.39 ms, found 2 plugins.
Preloading 0 native plugins for Editor in 0.00 ms.
Unloading 1894 Unused Serialized files (Serialized files now loaded: 0)
System memory in use before: 151.8 MB.
System memory in use after: 151.8 MB.

Unloading 24 unused Assets to reduce memory usage. Loaded Objects now: 2338.
Total: 2.163556 ms (FindLiveObjects: 0.175821 ms CreateObjectMapping: 0.053455 ms MarkObjects: 1.788916 ms  DeleteObjects: 0.144309 ms)

========================================================================
Received Prepare
Registering precompiled user dll's ...
Registered in 0.000532 seconds.
Begin MonoManager ReloadAssembly
Native extension for WindowsStandalone target not found
Native extension for OSXStandalone target not found
Refreshing native plugins compatible for Editor in 0.39 ms, found 2 plugins.
Preloading 0 native plugins for Editor in 0.00 ms.
Mono: successfully reloaded assembly
- Completed reload, in  1.090 seconds
Platform modules already initialized, skipping
Refreshing native plugins compatible for Editor in 0.31 ms, found 2 plugins.
Preloading 0 native plugins for Editor in 0.00 ms.
Unloading 1889 Unused Serialized files (Serialized files now loaded: 0)
System memory in use before: 152.1 MB.
System memory in use after: 152.1 MB.

Unloading 12 unused Assets to reduce memory usage. Loaded Objects now: 2342.
Total: 1.867224 ms (FindLiveObjects: 0.250834 ms CreateObjectMapping: 0.052715 ms MarkObjects: 1.453660 ms  DeleteObjects: 0.108962 ms)

========================================================================
Received Import Request.
  path: Assets/FrameworkDesign/Example/ShootingEditor2D/Scenes/LevelEditor.unity
  artifactKey: Guid(aa90089f45fd941579f753b11dc27c12) Importer(815301076,1909f56bfc062723c751e8b465ee728b)
Start importing Assets/FrameworkDesign/Example/ShootingEditor2D/Scenes/LevelEditor.unity using Guid(aa90089f45fd941579f753b11dc27c12) Importer(815301076,1909f56bfc062723c751e8b465ee728b)  -> (artifact id: '0ee11e010a169d62299064237eb8ca21') in 0.014441 seconds
  Import took 0.019180 seconds .

========================================================================
Received Import Request.
  Time since last request: 0.010748 seconds.
  path: Assets/FrameworkDesign/Example/ShootingEditor2D/Scenes/LevelEditor.unity
  artifactKey: Guid(aa90089f45fd941579f753b11dc27c12) Importer(815301076,1909f56bfc062723c751e8b465ee728b)
Start importing Assets/FrameworkDesign/Example/ShootingEditor2D/Scenes/LevelEditor.unity using Guid(aa90089f45fd941579f753b11dc27c12) Importer(815301076,1909f56bfc062723c751e8b465ee728b)  -> (artifact id: '0ee11e010a169d62299064237eb8ca21') in 0.001324 seconds
  Import took 0.005604 seconds .

========================================================================
Received Prepare
Registering precompiled user dll's ...
Registered in 0.000563 seconds.
Begin MonoManager ReloadAssembly
Native extension for WindowsStandalone target not found
Native extension for OSXStandalone target not found
Refreshing native plugins compatible for Editor in 0.32 ms, found 2 plugins.
Preloading 0 native plugins for Editor in 0.00 ms.
Mono: successfully reloaded assembly
- Completed reload, in  1.116 seconds
Platform modules already initialized, skipping
Refreshing native plugins compatible for Editor in 0.30 ms, found 2 plugins.
Preloading 0 native plugins for Editor in 0.00 ms.
Unloading 1889 Unused Serialized files (Serialized files now loaded: 0)
System memory in use before: 152.4 MB.
System memory in use after: 152.4 MB.

Unloading 12 unused Assets to reduce memory usage. Loaded Objects now: 2346.
Total: 1.944835 ms (FindLiveObjects: 0.163673 ms CreateObjectMapping: 0.051841 ms MarkObjects: 1.602066 ms  DeleteObjects: 0.126124 ms)

========================================================================
Received Import Request.
  Time since last request: 57.567388 seconds.
  path: Assets/FrameworkDesign/Example/ShootingEditor2D/Scripts/ViewController/LevelEditor/LevelEditor.cs
  artifactKey: Guid(e46ff92b274b4409d89c403c501a59bc) Importer(815301076,1909f56bfc062723c751e8b465ee728b)
Start importing Assets/FrameworkDesign/Example/ShootingEditor2D/Scripts/ViewController/LevelEditor/LevelEditor.cs using Guid(e46ff92b274b4409d89c403c501a59bc) Importer(815301076,1909f56bfc062723c751e8b465ee728b)  -> (artifact id: '166bad891477a929793853ffbd375f0e') in 2.073535 seconds
  Import took 2.078160 seconds .

========================================================================
Received Import Request.
  Time since last request: 159.509135 seconds.
  path: Assets/FrameworkDesign/Example/ShootingEditor2D/Scripts/ViewController/LevelEditor/LevelEditor.cs
  artifactKey: Guid(e46ff92b274b4409d89c403c501a59bc) Importer(815301076,1909f56bfc062723c751e8b465ee728b)
Start importing Assets/FrameworkDesign/Example/ShootingEditor2D/Scripts/ViewController/LevelEditor/LevelEditor.cs using Guid(e46ff92b274b4409d89c403c501a59bc) Importer(815301076,1909f56bfc062723c751e8b465ee728b)  -> (artifact id: '8b2a94c86c81b51d3c0fe82f2e227bd5') in 0.002947 seconds
  Import took 0.007099 seconds .

========================================================================
Received Prepare
Registering precompiled user dll's ...
Registered in 0.001109 seconds.
Begin MonoManager ReloadAssembly
Native extension for WindowsStandalone target not found
Native extension for OSXStandalone target not found
Refreshing native plugins compatible for Editor in 0.32 ms, found 2 plugins.
Preloading 0 native plugins for Editor in 0.00 ms.
Mono: successfully reloaded assembly
- Completed reload, in  1.098 seconds
Platform modules already initialized, skipping
Refreshing native plugins compatible for Editor in 0.50 ms, found 2 plugins.
Preloading 0 native plugins for Editor in 0.00 ms.
Unloading 1889 Unused Serialized files (Serialized files now loaded: 0)
System memory in use before: 156.9 MB.
System memory in use after: 156.9 MB.

Unloading 12 unused Assets to reduce memory usage. Loaded Objects now: 2350.
Total: 1.810101 ms (FindLiveObjects: 0.169232 ms CreateObjectMapping: 0.052966 ms MarkObjects: 1.451328 ms  DeleteObjects: 0.135340 ms)

========================================================================
Received Prepare
Registering precompiled user dll's ...
Registered in 0.000570 seconds.
Begin MonoManager ReloadAssembly
Native extension for WindowsStandalone target not found
Native extension for OSXStandalone target not found
Refreshing native plugins compatible for Editor in 0.31 ms, found 2 plugins.
Preloading 0 native plugins for Editor in 0.00 ms.
Mono: successfully reloaded assembly
- Completed reload, in  1.074 seconds
Platform modules already initialized, skipping
Refreshing native plugins compatible for Editor in 0.31 ms, found 2 plugins.
Preloading 0 native plugins for Editor in 0.00 ms.
Unloading 1889 Unused Serialized files (Serialized files now loaded: 0)
System memory in use before: 157.1 MB.
System memory in use after: 157.1 MB.

Unloading 12 unused Assets to reduce memory usage. Loaded Objects now: 2354.
Total: 1.755587 ms (FindLiveObjects: 0.152978 ms CreateObjectMapping: 0.050469 ms MarkObjects: 1.404274 ms  DeleteObjects: 0.147055 ms)

========================================================================
Received Prepare
Registering precompiled user dll's ...
Registered in 0.002885 seconds.
Begin MonoManager ReloadAssembly
Native extension for WindowsStandalone target not found
Native extension for OSXStandalone target not found
Refreshing native plugins compatible for Editor in 0.32 ms, found 2 plugins.
Preloading 0 native plugins for Editor in 0.00 ms.
Mono: successfully reloaded assembly
- Completed reload, in  1.167 seconds
Platform modules already initialized, skipping
Refreshing native plugins compatible for Editor in 0.41 ms, found 2 plugins.
Preloading 0 native plugins for Editor in 0.00 ms.
Unloading 1889 Unused Serialized files (Serialized files now loaded: 0)
System memory in use before: 157.3 MB.
System memory in use after: 157.3 MB.

Unloading 12 unused Assets to reduce memory usage. Loaded Objects now: 2358.
Total: 1.922256 ms (FindLiveObjects: 0.184916 ms CreateObjectMapping: 0.045294 ms MarkObjects: 1.576988 ms  DeleteObjects: 0.113924 ms)

========================================================================
Received Import Request.
  Time since last request: 798.499935 seconds.
  path: Assets/FrameworkDesign/Example/ShootingEditor2D/Scenes/ShootingMain.unity
  artifactKey: Guid(2cda990e2423bbf4892e6590ba056729) Importer(815301076,1909f56bfc062723c751e8b465ee728b)
Start importing Assets/FrameworkDesign/Example/ShootingEditor2D/Scenes/ShootingMain.unity using Guid(2cda990e2423bbf4892e6590ba056729) Importer(815301076,1909f56bfc062723c751e8b465ee728b)  -> (artifact id: '33e323c93a7e2d156258b0656939982f') in 0.014661 seconds
  Import took 0.021442 seconds .

========================================================================
Received Import Request.
  Time since last request: 21.868712 seconds.
  path: Assets/FrameworkDesign/Example/ShootingEditor2D/Scripts/ViewController/GamePlay/AttackPlayer.cs
  artifactKey: Guid(697b00f834c8545859c17936460c11ec) Importer(815301076,1909f56bfc062723c751e8b465ee728b)
Start importing Assets/FrameworkDesign/Example/ShootingEditor2D/Scripts/ViewController/GamePlay/AttackPlayer.cs using Guid(697b00f834c8545859c17936460c11ec) Importer(815301076,1909f56bfc062723c751e8b465ee728b)  -> (artifact id: 'b0b71b60e482b05779c765f2554c938f') in 0.001857 seconds
  Import took 0.006710 seconds .

========================================================================
Received Import Request.
  Time since last request: 0.005618 seconds.
  path: Assets/FrameworkDesign/Example/ShootingEditor2D/Scripts/ViewController/GamePlay/AttackPlayer.cs
  artifactKey: Guid(697b00f834c8545859c17936460c11ec) Importer(815301076,1909f56bfc062723c751e8b465ee728b)
Start importing Assets/FrameworkDesign/Example/ShootingEditor2D/Scripts/ViewController/GamePlay/AttackPlayer.cs using Guid(697b00f834c8545859c17936460c11ec) Importer(815301076,1909f56bfc062723c751e8b465ee728b)  -> (artifact id: 'b0b71b60e482b05779c765f2554c938f') in 0.001900 seconds
  Import took 0.005467 seconds .

