Using pre-set license

 COMMAND LINE ARGUMENTS:
/Applications/Unity/Hub/Editor/2020.3.9f1c1/Unity.app/Contents/MacOS/Unity
-adb2
-batchMode
-noUpm
-name
AssetImportWorker2
-projectPath
/Users/llh/UnityProjects/PersonalProjects/ShootingEditor2D
-logFile
Logs/AssetImportWorker2.log
-srvPort
59566
Successfully changed project path to: /Users/llh/UnityProjects/PersonalProjects/ShootingEditor2D
/Users/llh/UnityProjects/PersonalProjects/ShootingEditor2D
Using Asset Import Pipeline V2.
Refreshing native plugins compatible for Editor in 39.27 ms, found 2 plugins.
Preloading 0 native plugins for Editor in 0.00 ms.
Initialize engine version: 2020.3.9f1c1 (ef65345766d1)
[Subsystems] Discovering subsystems at path /Applications/Unity/Hub/Editor/2020.3.9f1c1/Unity.app/Contents/Resources/UnitySubsystems
[Subsystems] Discovering subsystems at path /Users/llh/UnityProjects/PersonalProjects/ShootingEditor2D/Assets
GfxDevice: creating device client; threaded=0
2021-10-05 01:29:01.607 Unity[76776:3860684] Color LCD preferred device: Intel(R) Iris(TM) Plus Graphics (low power)
2021-10-05 01:29:01.607 Unity[76776:3860684] Metal devices available: 1
2021-10-05 01:29:01.607 Unity[76776:3860684] 0: Intel(R) Iris(TM) Plus Graphics (low power)
2021-10-05 01:29:01.607 Unity[76776:3860684] Using device Intel(R) Iris(TM) Plus Graphics (low power)
Initializing Metal device caps: Intel(R) Iris(TM) Plus Graphics
Initialize mono
Mono path[0] = '/Applications/Unity/Hub/Editor/2020.3.9f1c1/Unity.app/Contents/Managed'
Mono path[1] = '/Applications/Unity/Hub/Editor/2020.3.9f1c1/Unity.app/Contents/MonoBleedingEdge/lib/mono/unityjit'
Mono config path = '/Applications/Unity/Hub/Editor/2020.3.9f1c1/Unity.app/Contents/MonoBleedingEdge/etc'
Using monoOptions --debugger-agent=transport=dt_socket,embedding=1,server=y,suspend=n,address=127.0.0.1:56776
Begin MonoManager ReloadAssembly
Registering precompiled unity dll's ...
Register platform support module: /Applications/Unity/Hub/Editor/2020.3.9f1c1/Unity.app/Contents/PlaybackEngines/MacStandaloneSupport/UnityEditor.OSXStandalone.Extensions.dll
Register platform support module: /Applications/Unity/Hub/Editor/2020.3.9f1c1/PlaybackEngines/WindowsStandaloneSupport/UnityEditor.WindowsStandalone.Extensions.dll
Registered in 0.000838 seconds.
Native extension for WindowsStandalone target not found
Native extension for OSXStandalone target not found
Refreshing native plugins compatible for Editor in 41.08 ms, found 2 plugins.
Preloading 0 native plugins for Editor in 0.00 ms.
Mono: successfully reloaded assembly
- Completed reload, in  3.649 seconds
Platform modules already initialized, skipping
Registering precompiled user dll's ...
Registered in 0.001947 seconds.
Begin MonoManager ReloadAssembly
Native extension for WindowsStandalone target not found
Native extension for OSXStandalone target not found
Refreshing native plugins compatible for Editor in 38.89 ms, found 2 plugins.
Preloading 0 native plugins for Editor in 0.00 ms.
Mono: successfully reloaded assembly
- Completed reload, in  1.187 seconds
Platform modules already initialized, skipping
========================================================================
Worker process is ready to serve import requests
Launching external process: /Applications/Unity/Hub/Editor/2020.3.9f1c1/Unity.app/Contents/Tools/UnityShaderCompiler
Launched and connected shader compiler UnityShaderCompiler after 0.02 seconds
Refreshing native plugins compatible for Editor in 0.31 ms, found 2 plugins.
Preloading 0 native plugins for Editor in 0.00 ms.
Unloading 1885 Unused Serialized files (Serialized files now loaded: 0)
System memory in use before: 151.1 MB.
System memory in use after: 151.1 MB.

Unloading 24 unused Assets to reduce memory usage. Loaded Objects now: 2329.
Total: 2.287356 ms (FindLiveObjects: 0.233349 ms CreateObjectMapping: 0.052843 ms MarkObjects: 1.779401 ms  DeleteObjects: 0.220656 ms)

========================================================================
Received Import Request.
  path: Assets/FrameworkDesign
  artifactKey: Guid(fba36c4388a82487aa2661885c5fb55f) Importer(815301076,1909f56bfc062723c751e8b465ee728b)
Start importing Assets/FrameworkDesign using Guid(fba36c4388a82487aa2661885c5fb55f) Importer(815301076,1909f56bfc062723c751e8b465ee728b)  -> (artifact id: '8cf852da8641c17ed5f3fd273a67ede1') in 0.005447 seconds
  Import took 0.008282 seconds .

========================================================================
Received Prepare
Refreshing native plugins compatible for Editor in 0.96 ms, found 2 plugins.
Preloading 0 native plugins for Editor in 0.00 ms.
Unloading 10 Unused Serialized files (Serialized files now loaded: 0)
System memory in use before: 113.9 MB.
System memory in use after: 113.9 MB.

Unloading 10 unused Assets to reduce memory usage. Loaded Objects now: 2329.
Total: 1.777697 ms (FindLiveObjects: 0.143324 ms CreateObjectMapping: 0.048510 ms MarkObjects: 1.475120 ms  DeleteObjects: 0.110068 ms)

========================================================================
Received Import Request.
  Time since last request: 12.911139 seconds.
  path: Assets/FrameworkDesign/ShootingEditor2D
  artifactKey: Guid(a0ff3448417c74c1ba5495f5bdada9a2) Importer(815301076,1909f56bfc062723c751e8b465ee728b)
Start importing Assets/FrameworkDesign/ShootingEditor2D using Guid(a0ff3448417c74c1ba5495f5bdada9a2) Importer(815301076,1909f56bfc062723c751e8b465ee728b)  -> (artifact id: 'fa83f3a6168b5e36bc68656364a163d9') in 0.003301 seconds
  Import took 0.006336 seconds .

========================================================================
Received Prepare
Registering precompiled user dll's ...
Registered in 0.001216 seconds.
Begin MonoManager ReloadAssembly
Native extension for WindowsStandalone target not found
Native extension for OSXStandalone target not found
Refreshing native plugins compatible for Editor in 0.36 ms, found 2 plugins.
Preloading 0 native plugins for Editor in 0.00 ms.
Mono: successfully reloaded assembly
- Completed reload, in  1.089 seconds
Platform modules already initialized, skipping
Refreshing native plugins compatible for Editor in 0.33 ms, found 2 plugins.
Preloading 0 native plugins for Editor in 0.00 ms.
Unloading 1880 Unused Serialized files (Serialized files now loaded: 0)
System memory in use before: 151.6 MB.
System memory in use after: 151.6 MB.

Unloading 12 unused Assets to reduce memory usage. Loaded Objects now: 2333.
Total: 2.219323 ms (FindLiveObjects: 0.454216 ms CreateObjectMapping: 0.143442 ms MarkObjects: 1.509044 ms  DeleteObjects: 0.111020 ms)

========================================================================
Received Prepare
Registering precompiled user dll's ...
Registered in 0.000540 seconds.
Begin MonoManager ReloadAssembly
Native extension for WindowsStandalone target not found
Native extension for OSXStandalone target not found
Refreshing native plugins compatible for Editor in 0.58 ms, found 2 plugins.
Preloading 0 native plugins for Editor in 0.00 ms.
Mono: successfully reloaded assembly
- Completed reload, in  1.060 seconds
Platform modules already initialized, skipping
Refreshing native plugins compatible for Editor in 0.31 ms, found 2 plugins.
Preloading 0 native plugins for Editor in 0.00 ms.
Unloading 1880 Unused Serialized files (Serialized files now loaded: 0)
System memory in use before: 151.8 MB.
System memory in use after: 151.8 MB.

Unloading 12 unused Assets to reduce memory usage. Loaded Objects now: 2337.
Total: 2.036200 ms (FindLiveObjects: 0.155817 ms CreateObjectMapping: 0.053619 ms MarkObjects: 1.717590 ms  DeleteObjects: 0.108161 ms)

========================================================================
Received Import Request.
  Time since last request: 56.238367 seconds.
  path: Assets/FrameworkDesign/Example/ShootingEditor2D/Scripts/ViewController/LevelEditor/LevelPlayer.cs
  artifactKey: Guid(bd8dfac75ee284f06a06f5e9b7d7ecf0) Importer(815301076,1909f56bfc062723c751e8b465ee728b)
Start importing Assets/FrameworkDesign/Example/ShootingEditor2D/Scripts/ViewController/LevelEditor/LevelPlayer.cs using Guid(bd8dfac75ee284f06a06f5e9b7d7ecf0) Importer(815301076,1909f56bfc062723c751e8b465ee728b)  -> (artifact id: '4c08a7ec9035c6a178d24f63fd92cd30') in 1.286974 seconds
  Import took 1.290204 seconds .

========================================================================
Received Import Request.
  Time since last request: 27.199770 seconds.
  path: Assets/FrameworkDesign/Example/CountApp/Scene.unity
  artifactKey: Guid(967e796a834e740bbb6c8e1ab2add9ff) Importer(815301076,1909f56bfc062723c751e8b465ee728b)
Start importing Assets/FrameworkDesign/Example/CountApp/Scene.unity using Guid(967e796a834e740bbb6c8e1ab2add9ff) Importer(815301076,1909f56bfc062723c751e8b465ee728b)  -> (artifact id: 'eeb50025d7dd55de7702f631b9135481') in 0.013492 seconds
  Import took 0.018156 seconds .

========================================================================
Received Import Request.
  Time since last request: 5.681597 seconds.
  path: Assets/FrameworkDesign/Example/CountApp/CountApp.unity
  artifactKey: Guid(967e796a834e740bbb6c8e1ab2add9ff) Importer(815301076,1909f56bfc062723c751e8b465ee728b)
Start importing Assets/FrameworkDesign/Example/CountApp/CountApp.unity using Guid(967e796a834e740bbb6c8e1ab2add9ff) Importer(815301076,1909f56bfc062723c751e8b465ee728b)  -> (artifact id: '19d522e64fe3b014cc15142ddc5f3546') in 0.003188 seconds
  Import took 0.007160 seconds .

========================================================================
Received Import Request.
  Time since last request: 11.595205 seconds.
  path: Assets/FrameworkDesign/Example/PointGame/PointGame.unity
  artifactKey: Guid(9fc0d4010bbf28b4594072e72b8655ab) Importer(815301076,1909f56bfc062723c751e8b465ee728b)
Start importing Assets/FrameworkDesign/Example/PointGame/PointGame.unity using Guid(9fc0d4010bbf28b4594072e72b8655ab) Importer(815301076,1909f56bfc062723c751e8b465ee728b)  -> (artifact id: 'b2541b80e8a69c690177ba18a95ae942') in 0.004009 seconds
  Import took 0.008260 seconds .

========================================================================
Received Import Request.
  Time since last request: 10.567818 seconds.
  path: Assets/FrameworkDesign/Example/ShootingEditor2D/Scenes/GameOver.unity
  artifactKey: Guid(696ed0720b6344aba8fc3f1bee0e30a9) Importer(815301076,1909f56bfc062723c751e8b465ee728b)
Start importing Assets/FrameworkDesign/Example/ShootingEditor2D/Scenes/GameOver.unity using Guid(696ed0720b6344aba8fc3f1bee0e30a9) Importer(815301076,1909f56bfc062723c751e8b465ee728b)  -> (artifact id: 'bd160e632e3cf804f4678379109dd5de') in 0.001514 seconds
  Import took 0.006009 seconds .

========================================================================
Received Import Request.
  Time since last request: 0.001004 seconds.
  path: Assets/FrameworkDesign/Example/ShootingEditor2D/Scenes/GameOver.unity
  artifactKey: Guid(696ed0720b6344aba8fc3f1bee0e30a9) Importer(815301076,1909f56bfc062723c751e8b465ee728b)
Start importing Assets/FrameworkDesign/Example/ShootingEditor2D/Scenes/GameOver.unity using Guid(696ed0720b6344aba8fc3f1bee0e30a9) Importer(815301076,1909f56bfc062723c751e8b465ee728b)  -> (artifact id: 'bd160e632e3cf804f4678379109dd5de') in 0.002246 seconds
  Import took 0.007217 seconds .

========================================================================
Received Import Request.
  Time since last request: 8.700173 seconds.
  path: Assets/FrameworkDesign/Example/ShootingEditor2D/Scenes/ShootingGameOver.unity
  artifactKey: Guid(696ed0720b6344aba8fc3f1bee0e30a9) Importer(815301076,1909f56bfc062723c751e8b465ee728b)
Start importing Assets/FrameworkDesign/Example/ShootingEditor2D/Scenes/ShootingGameOver.unity using Guid(696ed0720b6344aba8fc3f1bee0e30a9) Importer(815301076,1909f56bfc062723c751e8b465ee728b)  -> (artifact id: '76a7015f91a2f1d8b09beef7cf10c439') in 0.002696 seconds
  Import took 0.006104 seconds .

========================================================================
Received Import Request.
  Time since last request: 5.142759 seconds.
  path: Assets/FrameworkDesign/Example/ShootingEditor2D/Scenes/ShootingGamePass.unity
  artifactKey: Guid(1b5acd182d4b64f359a89ff2ac22c55c) Importer(815301076,1909f56bfc062723c751e8b465ee728b)
Start importing Assets/FrameworkDesign/Example/ShootingEditor2D/Scenes/ShootingGamePass.unity using Guid(1b5acd182d4b64f359a89ff2ac22c55c) Importer(815301076,1909f56bfc062723c751e8b465ee728b)  -> (artifact id: 'f7a413ec2f6bf98ad976d00cb0b42f55') in 0.003345 seconds
  Import took 0.007502 seconds .

========================================================================
Received Import Request.
  Time since last request: 7.477307 seconds.
  path: Assets/FrameworkDesign/Example/ShootingEditor2D/Scenes/ShootingGameStart.unity
  artifactKey: Guid(73f6f5410f454457593daf1038282dc3) Importer(815301076,1909f56bfc062723c751e8b465ee728b)
Start importing Assets/FrameworkDesign/Example/ShootingEditor2D/Scenes/ShootingGameStart.unity using Guid(73f6f5410f454457593daf1038282dc3) Importer(815301076,1909f56bfc062723c751e8b465ee728b)  -> (artifact id: 'c608084e41ebf53022eb65083b6392b4') in 0.002253 seconds
  Import took 0.007010 seconds .

========================================================================
Received Import Request.
  Time since last request: 7.332889 seconds.
  path: Assets/FrameworkDesign/Example/ShootingEditor2D/Scenes/ShootingLevelPlayer.unity
  artifactKey: Guid(6c3e6d3e6c966443a8c5f41f996356d7) Importer(815301076,1909f56bfc062723c751e8b465ee728b)
Start importing Assets/FrameworkDesign/Example/ShootingEditor2D/Scenes/ShootingLevelPlayer.unity using Guid(6c3e6d3e6c966443a8c5f41f996356d7) Importer(815301076,1909f56bfc062723c751e8b465ee728b)  -> (artifact id: '2bc81c968588c5d26fce23504594044d') in 0.003025 seconds
  Import took 0.006593 seconds .

========================================================================
Received Import Request.
  Time since last request: 1.211136 seconds.
  path: Assets/FrameworkDesign/Example/ShootingEditor2D/Scenes/SampleScene.unity
  artifactKey: Guid(2cda990e2423bbf4892e6590ba056729) Importer(815301076,1909f56bfc062723c751e8b465ee728b)
Start importing Assets/FrameworkDesign/Example/ShootingEditor2D/Scenes/SampleScene.unity using Guid(2cda990e2423bbf4892e6590ba056729) Importer(815301076,1909f56bfc062723c751e8b465ee728b)  -> (artifact id: '7848b82390b8971a3a2f9596598e32d3') in 0.001675 seconds
  Import took 0.005531 seconds .

========================================================================
Received Import Request.
  Time since last request: 5.721890 seconds.
  path: Assets/FrameworkDesign/Example/ShootingEditor2D/Scenes/ShootingMain.unity
  artifactKey: Guid(2cda990e2423bbf4892e6590ba056729) Importer(815301076,1909f56bfc062723c751e8b465ee728b)
Start importing Assets/FrameworkDesign/Example/ShootingEditor2D/Scenes/ShootingMain.unity using Guid(2cda990e2423bbf4892e6590ba056729) Importer(815301076,1909f56bfc062723c751e8b465ee728b)  -> (artifact id: 'd116aa2659b27ca5a052efc784e10d9c') in 0.003394 seconds
  Import took 0.007118 seconds .

========================================================================
Received Prepare
Registering precompiled user dll's ...
Registered in 0.001391 seconds.
Begin MonoManager ReloadAssembly
Native extension for WindowsStandalone target not found
Native extension for OSXStandalone target not found
Refreshing native plugins compatible for Editor in 0.32 ms, found 2 plugins.
Preloading 0 native plugins for Editor in 0.00 ms.
Mono: successfully reloaded assembly
- Completed reload, in  1.109 seconds
Platform modules already initialized, skipping
Refreshing native plugins compatible for Editor in 0.31 ms, found 2 plugins.
Preloading 0 native plugins for Editor in 0.00 ms.
Unloading 1880 Unused Serialized files (Serialized files now loaded: 0)
System memory in use before: 156.2 MB.
System memory in use after: 156.2 MB.

Unloading 12 unused Assets to reduce memory usage. Loaded Objects now: 2341.
Total: 2.040724 ms (FindLiveObjects: 0.152585 ms CreateObjectMapping: 0.048836 ms MarkObjects: 1.729453 ms  DeleteObjects: 0.108507 ms)

========================================================================
Received Prepare
Registering precompiled user dll's ...
Registered in 0.001577 seconds.
Begin MonoManager ReloadAssembly
Native extension for WindowsStandalone target not found
Native extension for OSXStandalone target not found
Refreshing native plugins compatible for Editor in 0.51 ms, found 2 plugins.
Preloading 0 native plugins for Editor in 0.00 ms.
Mono: successfully reloaded assembly
- Completed reload, in  1.098 seconds
Platform modules already initialized, skipping
Refreshing native plugins compatible for Editor in 0.32 ms, found 2 plugins.
Preloading 0 native plugins for Editor in 0.00 ms.
Unloading 1880 Unused Serialized files (Serialized files now loaded: 0)
System memory in use before: 156.4 MB.
System memory in use after: 156.4 MB.

Unloading 12 unused Assets to reduce memory usage. Loaded Objects now: 2345.
Total: 1.842683 ms (FindLiveObjects: 0.150675 ms CreateObjectMapping: 0.051314 ms MarkObjects: 1.533736 ms  DeleteObjects: 0.106146 ms)

========================================================================
Received Prepare
Registering precompiled user dll's ...
Registered in 0.002549 seconds.
Begin MonoManager ReloadAssembly
Native extension for WindowsStandalone target not found
Native extension for OSXStandalone target not found
Refreshing native plugins compatible for Editor in 0.32 ms, found 2 plugins.
Preloading 0 native plugins for Editor in 0.00 ms.
Mono: successfully reloaded assembly
- Completed reload, in  1.125 seconds
Platform modules already initialized, skipping
Refreshing native plugins compatible for Editor in 0.42 ms, found 2 plugins.
Preloading 0 native plugins for Editor in 0.00 ms.
Unloading 1880 Unused Serialized files (Serialized files now loaded: 0)
System memory in use before: 156.9 MB.
System memory in use after: 156.9 MB.

Unloading 12 unused Assets to reduce memory usage. Loaded Objects now: 2349.
Total: 2.908771 ms (FindLiveObjects: 0.268251 ms CreateObjectMapping: 0.195491 ms MarkObjects: 2.327269 ms  DeleteObjects: 0.116499 ms)

========================================================================
Received Prepare
Registering precompiled user dll's ...
Registered in 0.000540 seconds.
Begin MonoManager ReloadAssembly
Native extension for WindowsStandalone target not found
Native extension for OSXStandalone target not found
Refreshing native plugins compatible for Editor in 0.56 ms, found 2 plugins.
Preloading 0 native plugins for Editor in 0.00 ms.
Mono: successfully reloaded assembly
- Completed reload, in  1.124 seconds
Platform modules already initialized, skipping
Refreshing native plugins compatible for Editor in 0.47 ms, found 2 plugins.
Preloading 0 native plugins for Editor in 0.00 ms.
Unloading 1880 Unused Serialized files (Serialized files now loaded: 0)
System memory in use before: 156.9 MB.
System memory in use after: 156.9 MB.

Unloading 12 unused Assets to reduce memory usage. Loaded Objects now: 2353.
Total: 2.572348 ms (FindLiveObjects: 0.161850 ms CreateObjectMapping: 0.050645 ms MarkObjects: 2.231324 ms  DeleteObjects: 0.126948 ms)

========================================================================
Received Import Request.
  Time since last request: 272.573987 seconds.
  path: Assets/FrameworkDesign/Framework/Command
  artifactKey: Guid(3d1c78793de0f4ff19c8f328842c7cfd) Importer(815301076,1909f56bfc062723c751e8b465ee728b)
Start importing Assets/FrameworkDesign/Framework/Command using Guid(3d1c78793de0f4ff19c8f328842c7cfd) Importer(815301076,1909f56bfc062723c751e8b465ee728b)  -> (artifact id: '109eb4c096aa8af3c7dedfcf6aa5b52d') in 0.005127 seconds
  Import took 0.008909 seconds .

========================================================================
Received Import Request.
  Time since last request: 0.002730 seconds.
  path: Assets/FrameworkDesign/Framework/Architecture/IBelongToArchitecture.cs
  artifactKey: Guid(b57d97e753fc2437b9f2012de6b9b04b) Importer(815301076,1909f56bfc062723c751e8b465ee728b)
Start importing Assets/FrameworkDesign/Framework/Architecture/IBelongToArchitecture.cs using Guid(b57d97e753fc2437b9f2012de6b9b04b) Importer(815301076,1909f56bfc062723c751e8b465ee728b)  -> (artifact id: 'da1c7478f8a606a41dc4f78f797fb79e') in 0.002941 seconds
  Import took 0.006292 seconds .

========================================================================
Received Import Request.
  Time since last request: 0.002221 seconds.
  path: Assets/FrameworkDesign/Example/ShootingEditor2D/Scripts/ViewController/GamePlay/Enemy.cs
  artifactKey: Guid(baffe67134a7841b3a073a8c84cbf037) Importer(815301076,1909f56bfc062723c751e8b465ee728b)
Start importing Assets/FrameworkDesign/Example/ShootingEditor2D/Scripts/ViewController/GamePlay/Enemy.cs using Guid(baffe67134a7841b3a073a8c84cbf037) Importer(815301076,1909f56bfc062723c751e8b465ee728b)  -> (artifact id: '261c551a4821dd4995c0701ad66c9a78') in 0.001608 seconds
  Import took 0.004376 seconds .

========================================================================
Received Import Request.
  Time since last request: 0.001588 seconds.
  path: Assets/FrameworkDesign/Framework/Architecture/IController.cs
  artifactKey: Guid(f58ecdd23ea7d414d857caf54dfaf51f) Importer(815301076,1909f56bfc062723c751e8b465ee728b)
Start importing Assets/FrameworkDesign/Framework/Architecture/IController.cs using Guid(f58ecdd23ea7d414d857caf54dfaf51f) Importer(815301076,1909f56bfc062723c751e8b465ee728b)  -> (artifact id: 'e6c73502e7e11e7fac0963bb740043ef') in 0.002708 seconds
  Import took 0.005388 seconds .

========================================================================
Received Import Request.
  Time since last request: 0.002450 seconds.
  path: Assets/FrameworkDesign/Example/CountApp/Editor/EditorCounterApp.cs
  artifactKey: Guid(af6644b5c2be64771ad144cdd190b042) Importer(815301076,1909f56bfc062723c751e8b465ee728b)
Start importing Assets/FrameworkDesign/Example/CountApp/Editor/EditorCounterApp.cs using Guid(af6644b5c2be64771ad144cdd190b042) Importer(815301076,1909f56bfc062723c751e8b465ee728b)  -> (artifact id: '67dad0556aa9e66ff38100cd9e6fadcb') in 0.002144 seconds
  Import took 0.005285 seconds .

========================================================================
Received Import Request.
  Time since last request: 0.003064 seconds.
  path: Assets/FrameworkDesign/Framework/IOC/IOCContainer.cs
  artifactKey: Guid(8e0cd6dc98c214410b7691df4222609e) Importer(815301076,1909f56bfc062723c751e8b465ee728b)
Start importing Assets/FrameworkDesign/Framework/IOC/IOCContainer.cs using Guid(8e0cd6dc98c214410b7691df4222609e) Importer(815301076,1909f56bfc062723c751e8b465ee728b)  -> (artifact id: 'dcbaf89f3a34230d681bfd211b8faa58') in 0.002525 seconds
  Import took 0.006820 seconds .

========================================================================
Received Import Request.
  Time since last request: 0.002574 seconds.
  path: Assets/FrameworkDesign/Example/ShootingEditor2D/Scripts/Command/HurtPlayerCommand.cs
  artifactKey: Guid(72808cca435843ddae693509a631d94b) Importer(815301076,1909f56bfc062723c751e8b465ee728b)
Start importing Assets/FrameworkDesign/Example/ShootingEditor2D/Scripts/Command/HurtPlayerCommand.cs using Guid(72808cca435843ddae693509a631d94b) Importer(815301076,1909f56bfc062723c751e8b465ee728b)  -> (artifact id: '403c2d66c5c5dc2050c725fce5430f6a') in 0.002447 seconds
  Import took 0.007298 seconds .

========================================================================
Received Import Request.
  Time since last request: 0.002559 seconds.
  path: Assets/FrameworkDesign/Framework/Architecture/IUtility.cs
  artifactKey: Guid(929b95a723bb3476096e442680249800) Importer(815301076,1909f56bfc062723c751e8b465ee728b)
Start importing Assets/FrameworkDesign/Framework/Architecture/IUtility.cs using Guid(929b95a723bb3476096e442680249800) Importer(815301076,1909f56bfc062723c751e8b465ee728b)  -> (artifact id: '4c712040ac2b3aa433b178728d8d02fe') in 0.002881 seconds
  Import took 0.007352 seconds .

========================================================================
Received Import Request.
  Time since last request: 0.003287 seconds.
  path: Assets/FrameworkDesign/Example/PointGame/Scripts/Command/KillEnemyCommand.cs
  artifactKey: Guid(e3b024eb970dd4c3283303cd88b58515) Importer(815301076,1909f56bfc062723c751e8b465ee728b)
Start importing Assets/FrameworkDesign/Example/PointGame/Scripts/Command/KillEnemyCommand.cs using Guid(e3b024eb970dd4c3283303cd88b58515) Importer(815301076,1909f56bfc062723c751e8b465ee728b)  -> (artifact id: 'd92557e68d195dbaa6230f27ae2f059e') in 0.003383 seconds
  Import took 0.007629 seconds .

========================================================================
Received Import Request.
  Time since last request: 0.003836 seconds.
  path: Assets/FrameworkDesign/Example/ShootingEditor2D/Scripts/ViewController/GamePlay/NextLevel.cs
  artifactKey: Guid(2daad4f6b7a1444fd813730e66ac5ba7) Importer(815301076,1909f56bfc062723c751e8b465ee728b)
Start importing Assets/FrameworkDesign/Example/ShootingEditor2D/Scripts/ViewController/GamePlay/NextLevel.cs using Guid(2daad4f6b7a1444fd813730e66ac5ba7) Importer(815301076,1909f56bfc062723c751e8b465ee728b)  -> (artifact id: '3cf95ce214367d223b5c129cc1b98623') in 0.002384 seconds
  Import took 0.008203 seconds .

========================================================================
Received Import Request.
  Time since last request: 0.002747 seconds.
  path: Assets/FrameworkDesign/Framework/Architecture/ICanSetArchitecture.cs
  artifactKey: Guid(7a604794a95ce4059a52dd463be1e098) Importer(815301076,1909f56bfc062723c751e8b465ee728b)
Start importing Assets/FrameworkDesign/Framework/Architecture/ICanSetArchitecture.cs using Guid(7a604794a95ce4059a52dd463be1e098) Importer(815301076,1909f56bfc062723c751e8b465ee728b)  -> (artifact id: 'ed3dc86f92de92ec2c91630bb1eab7bd') in 0.002867 seconds
  Import took 0.008313 seconds .

========================================================================
Received Import Request.
  Time since last request: 0.003970 seconds.
  path: Assets/FrameworkDesign/Example/PointGame/Scripts/UI/GameOverPanel.cs
  artifactKey: Guid(3fc09d77b6be649fb885d97a31841204) Importer(815301076,1909f56bfc062723c751e8b465ee728b)
Start importing Assets/FrameworkDesign/Example/PointGame/Scripts/UI/GameOverPanel.cs using Guid(3fc09d77b6be649fb885d97a31841204) Importer(815301076,1909f56bfc062723c751e8b465ee728b)  -> (artifact id: '7007fdcbf3bc35ffb8f9071144972967') in 0.002838 seconds
  Import took 0.008102 seconds .

========================================================================
Received Import Request.
  Time since last request: 0.002633 seconds.
  path: Assets/FrameworkDesign/Example/PointGame/Scripts/Model/GameModel.cs
  artifactKey: Guid(65a282d90be9b4f6fa95556504450431) Importer(815301076,1909f56bfc062723c751e8b465ee728b)
Start importing Assets/FrameworkDesign/Example/PointGame/Scripts/Model/GameModel.cs using Guid(65a282d90be9b4f6fa95556504450431) Importer(815301076,1909f56bfc062723c751e8b465ee728b)  -> (artifact id: '0483c70c62bd080903ae95e183c4ed24') in 0.002940 seconds
  Import took 0.007840 seconds .

========================================================================
Received Import Request.
  Time since last request: 0.002626 seconds.
  path: Assets/FrameworkDesign/Example/PointGame/Scripts/Event/OnMissEvent.cs
  artifactKey: Guid(10b5b7d81ccb4018a40f479996a813c9) Importer(815301076,1909f56bfc062723c751e8b465ee728b)
Start importing Assets/FrameworkDesign/Example/PointGame/Scripts/Event/OnMissEvent.cs using Guid(10b5b7d81ccb4018a40f479996a813c9) Importer(815301076,1909f56bfc062723c751e8b465ee728b)  -> (artifact id: '9c1a0014ce71999331d0e7ae44ebd160') in 0.003460 seconds
  Import took 0.007866 seconds .

========================================================================
Received Import Request.
  Time since last request: 0.002216 seconds.
  path: Assets/FrameworkDesign/Framework/Architecture/Rule/ICanGetModel.cs
  artifactKey: Guid(660700a2880364ec1b8df122bd25ea90) Importer(815301076,1909f56bfc062723c751e8b465ee728b)
Start importing Assets/FrameworkDesign/Framework/Architecture/Rule/ICanGetModel.cs using Guid(660700a2880364ec1b8df122bd25ea90) Importer(815301076,1909f56bfc062723c751e8b465ee728b)  -> (artifact id: '1086955ee2c47ce5859c523225538b16') in 0.002228 seconds
  Import took 0.006974 seconds .

========================================================================
Received Import Request.
  Time since last request: 0.004906 seconds.
  path: Assets/FrameworkDesign/Example/ShootingEditor2D/Scripts/ViewController/GamePlay/Player.cs
  artifactKey: Guid(8840f8801497a4d9eaff908a77667b53) Importer(815301076,1909f56bfc062723c751e8b465ee728b)
Start importing Assets/FrameworkDesign/Example/ShootingEditor2D/Scripts/ViewController/GamePlay/Player.cs using Guid(8840f8801497a4d9eaff908a77667b53) Importer(815301076,1909f56bfc062723c751e8b465ee728b)  -> (artifact id: '84159cac85987bc0edf75aaf3887b7ec') in 0.002431 seconds
  Import took 0.007112 seconds .

========================================================================
Received Import Request.
  Time since last request: 0.003795 seconds.
  path: Assets/FrameworkDesign/Framework/Architecture/Rule/ICanRegisterEvent.cs
  artifactKey: Guid(314f7702cd2d54be5b126bbd4fe5707d) Importer(815301076,1909f56bfc062723c751e8b465ee728b)
Start importing Assets/FrameworkDesign/Framework/Architecture/Rule/ICanRegisterEvent.cs using Guid(314f7702cd2d54be5b126bbd4fe5707d) Importer(815301076,1909f56bfc062723c751e8b465ee728b)  -> (artifact id: '55659999994b07ee93f1ea3566243b7c') in 0.004434 seconds
  Import took 0.009181 seconds .

========================================================================
Received Import Request.
  Time since last request: 0.001910 seconds.
  path: Assets/FrameworkDesign/Example/PointGame/Scripts/UI
  artifactKey: Guid(c1029475ce4584463b231dfacec582c3) Importer(815301076,1909f56bfc062723c751e8b465ee728b)
Start importing Assets/FrameworkDesign/Example/PointGame/Scripts/UI using Guid(c1029475ce4584463b231dfacec582c3) Importer(815301076,1909f56bfc062723c751e8b465ee728b)  -> (artifact id: '1133b9acfee0a079cf6adbe4c3c82632') in 0.001194 seconds
  Import took 0.003622 seconds .

========================================================================
Received Import Request.
  Time since last request: 0.001920 seconds.
  path: Assets/FrameworkDesign/Example/PointGame/IOC/IOCExample.cs
  artifactKey: Guid(10e9a3e18b26d41808f144d54239db70) Importer(815301076,1909f56bfc062723c751e8b465ee728b)
Start importing Assets/FrameworkDesign/Example/PointGame/IOC/IOCExample.cs using Guid(10e9a3e18b26d41808f144d54239db70) Importer(815301076,1909f56bfc062723c751e8b465ee728b)  -> (artifact id: '35bc0c66291f64f1b7b9189205787039') in 0.001581 seconds
  Import took 0.004458 seconds .

========================================================================
Received Import Request.
  Time since last request: 0.002260 seconds.
  path: Assets/FrameworkDesign/Example/PointGame/Scripts/Utility/IStorage.cs
  artifactKey: Guid(64e0f588a7c40414baf348b140b59125) Importer(815301076,1909f56bfc062723c751e8b465ee728b)
Start importing Assets/FrameworkDesign/Example/PointGame/Scripts/Utility/IStorage.cs using Guid(64e0f588a7c40414baf348b140b59125) Importer(815301076,1909f56bfc062723c751e8b465ee728b)  -> (artifact id: 'f241d8da4c390dd687ada0e1f9a4890e') in 0.003074 seconds
  Import took 0.008741 seconds .

========================================================================
Received Import Request.
  Time since last request: 0.003004 seconds.
  path: Assets/FrameworkDesign/Example/CountApp/IStorage.cs
  artifactKey: Guid(e15c7883bb36d4dee87603200722dd7e) Importer(815301076,1909f56bfc062723c751e8b465ee728b)
Start importing Assets/FrameworkDesign/Example/CountApp/IStorage.cs using Guid(e15c7883bb36d4dee87603200722dd7e) Importer(815301076,1909f56bfc062723c751e8b465ee728b)  -> (artifact id: '9828fb0636012915c9a8e25792e9df8f') in 0.002437 seconds
  Import took 0.007491 seconds .

========================================================================
Received Import Request.
  Time since last request: 0.002213 seconds.
  path: Assets/FrameworkDesign/Framework/Architecture/Rule
  artifactKey: Guid(0376e631d0073430fafd04706f97e564) Importer(815301076,1909f56bfc062723c751e8b465ee728b)
Start importing Assets/FrameworkDesign/Framework/Architecture/Rule using Guid(0376e631d0073430fafd04706f97e564) Importer(815301076,1909f56bfc062723c751e8b465ee728b)  -> (artifact id: '7ffbb798a5fe8e93626650444fa7fe2d') in 0.001323 seconds
  Import took 0.005696 seconds .

========================================================================
Received Import Request.
  Time since last request: 0.004023 seconds.
  path: Assets/FrameworkDesign/Example/PointGame/Scripts/Event/GamePassEvent.cs
  artifactKey: Guid(20dcce30d6ca64cedb3a417bae815675) Importer(815301076,1909f56bfc062723c751e8b465ee728b)
Start importing Assets/FrameworkDesign/Example/PointGame/Scripts/Event/GamePassEvent.cs using Guid(20dcce30d6ca64cedb3a417bae815675) Importer(815301076,1909f56bfc062723c751e8b465ee728b)  -> (artifact id: '454ec5ba6b32db59e9d248b4f9d24b65') in 0.003354 seconds
  Import took 0.008178 seconds .

========================================================================
Received Import Request.
  Time since last request: 0.002077 seconds.
  path: Assets/FrameworkDesign/Example/CountApp/SubCountCommand.cs
  artifactKey: Guid(f35a0b002a1604d36b3d1f6564dad0d3) Importer(815301076,1909f56bfc062723c751e8b465ee728b)
Start importing Assets/FrameworkDesign/Example/CountApp/SubCountCommand.cs using Guid(f35a0b002a1604d36b3d1f6564dad0d3) Importer(815301076,1909f56bfc062723c751e8b465ee728b)  -> (artifact id: '8895fc8167cf3eb829d3c3a4796dfae4') in 0.001364 seconds
  Import took 0.004237 seconds .

========================================================================
Received Import Request.
  Time since last request: 0.002505 seconds.
  path: Assets/FrameworkDesign/Example/ShootingEditor2D/Scripts/ViewController/UI/UIController.cs
  artifactKey: Guid(b958b69fd2cf94767b7132cb94ec9b62) Importer(815301076,1909f56bfc062723c751e8b465ee728b)
Start importing Assets/FrameworkDesign/Example/ShootingEditor2D/Scripts/ViewController/UI/UIController.cs using Guid(b958b69fd2cf94767b7132cb94ec9b62) Importer(815301076,1909f56bfc062723c751e8b465ee728b)  -> (artifact id: '9f2d87092d05cbe232f3e13633f5db7a') in 0.002056 seconds
  Import took 0.006476 seconds .

========================================================================
Received Import Request.
  Time since last request: 0.002284 seconds.
  path: Assets/FrameworkDesign/Framework/Architecture
  artifactKey: Guid(27436c8da35b8457e90c0ae63fb8a4b6) Importer(815301076,1909f56bfc062723c751e8b465ee728b)
Start importing Assets/FrameworkDesign/Framework/Architecture using Guid(27436c8da35b8457e90c0ae63fb8a4b6) Importer(815301076,1909f56bfc062723c751e8b465ee728b)  -> (artifact id: 'd201442c7a3904f59ad23752b98f140b') in 0.001745 seconds
  Import took 0.006080 seconds .

========================================================================
Received Import Request.
  Time since last request: 0.002864 seconds.
  path: Assets/FrameworkDesign/Example/CountApp/CounterApp.cs
  artifactKey: Guid(75ca8ab8e24a64bd6935e327bad939c8) Importer(815301076,1909f56bfc062723c751e8b465ee728b)
Start importing Assets/FrameworkDesign/Example/CountApp/CounterApp.cs using Guid(75ca8ab8e24a64bd6935e327bad939c8) Importer(815301076,1909f56bfc062723c751e8b465ee728b)  -> (artifact id: '678c7195eb0b1c519ac6c431b72a8b1e') in 0.002528 seconds
  Import took 0.007190 seconds .

========================================================================
Received Import Request.
  Time since last request: 0.004008 seconds.
  path: Assets/FrameworkDesign/Framework/Command/ICommand.cs
  artifactKey: Guid(27448105ee2854e1393ddc329e397aa5) Importer(815301076,1909f56bfc062723c751e8b465ee728b)
Start importing Assets/FrameworkDesign/Framework/Command/ICommand.cs using Guid(27448105ee2854e1393ddc329e397aa5) Importer(815301076,1909f56bfc062723c751e8b465ee728b)  -> (artifact id: 'f8f88a38f15d5d7612d9a64e6e6a48a2') in 0.002652 seconds
  Import took 0.006182 seconds .

========================================================================
Received Import Request.
  Time since last request: 0.002762 seconds.
  path: Assets/FrameworkDesign/Example/ShootingEditor2D/Scripts/System/GunSystem/GunInfo.cs
  artifactKey: Guid(ecfd8bb41acbf430d80826426f874814) Importer(815301076,1909f56bfc062723c751e8b465ee728b)
Start importing Assets/FrameworkDesign/Example/ShootingEditor2D/Scripts/System/GunSystem/GunInfo.cs using Guid(ecfd8bb41acbf430d80826426f874814) Importer(815301076,1909f56bfc062723c751e8b465ee728b)  -> (artifact id: 'c2cb9d71425976f2ec5be6b265cf6ad9') in 0.001610 seconds
  Import took 0.004462 seconds .

========================================================================
Received Import Request.
  Time since last request: 0.001449 seconds.
  path: Assets/FrameworkDesign/Example/PointGame/Scripts/Event
  artifactKey: Guid(7ece84df1ccae4e47802557307cafe8e) Importer(815301076,1909f56bfc062723c751e8b465ee728b)
Start importing Assets/FrameworkDesign/Example/PointGame/Scripts/Event using Guid(7ece84df1ccae4e47802557307cafe8e) Importer(815301076,1909f56bfc062723c751e8b465ee728b)  -> (artifact id: '8c83885350c6b11e602b6aad2932d665') in 0.000991 seconds
  Import took 0.003725 seconds .

========================================================================
Received Import Request.
  Time since last request: 0.001693 seconds.
  path: Assets/FrameworkDesign/Example/ShootingEditor2D/Scripts/Query/MacBulletCountQuery.cs
  artifactKey: Guid(2ef34dbe8bb794c4f925fa5c0f8f9fa5) Importer(815301076,1909f56bfc062723c751e8b465ee728b)
Start importing Assets/FrameworkDesign/Example/ShootingEditor2D/Scripts/Query/MacBulletCountQuery.cs using Guid(2ef34dbe8bb794c4f925fa5c0f8f9fa5) Importer(815301076,1909f56bfc062723c751e8b465ee728b)  -> (artifact id: '827ffcb9fe7fa6317b0a1c46efe96089') in 0.002555 seconds
  Import took 0.008008 seconds .

========================================================================
Received Import Request.
  Time since last request: 0.002674 seconds.
  path: Assets/FrameworkDesign/Example/PointGame/Scripts/System/IScoreSystem.cs
  artifactKey: Guid(807a0b2e0c4d64d26ae4712138e75c12) Importer(815301076,1909f56bfc062723c751e8b465ee728b)
Start importing Assets/FrameworkDesign/Example/PointGame/Scripts/System/IScoreSystem.cs using Guid(807a0b2e0c4d64d26ae4712138e75c12) Importer(815301076,1909f56bfc062723c751e8b465ee728b)  -> (artifact id: 'ca3b2c44de0a1b98ef705922b316ac92') in 0.003205 seconds
  Import took 0.007748 seconds .

========================================================================
Received Import Request.
  Time since last request: 0.002475 seconds.
  path: Assets/FrameworkDesign/Framework/Architecture/Rule/ICanSendQuery.cs
  artifactKey: Guid(1ecd1e199ece4219994c26c0132a444b) Importer(815301076,1909f56bfc062723c751e8b465ee728b)
Start importing Assets/FrameworkDesign/Framework/Architecture/Rule/ICanSendQuery.cs using Guid(1ecd1e199ece4219994c26c0132a444b) Importer(815301076,1909f56bfc062723c751e8b465ee728b)  -> (artifact id: 'c2193d5b76d43ad98265aec2d6232e54') in 0.002856 seconds
  Import took 0.007113 seconds .

========================================================================
Received Import Request.
  Time since last request: 0.002517 seconds.
  path: Assets/FrameworkDesign/Example/PointGame/Scripts/Event/OnKillEnemyEvent.cs
  artifactKey: Guid(9428d4ebba7244e2958c692dd0cf1355) Importer(815301076,1909f56bfc062723c751e8b465ee728b)
Start importing Assets/FrameworkDesign/Example/PointGame/Scripts/Event/OnKillEnemyEvent.cs using Guid(9428d4ebba7244e2958c692dd0cf1355) Importer(815301076,1909f56bfc062723c751e8b465ee728b)  -> (artifact id: 'a3e2b8c2b0ae185873d5098ee24bc250') in 0.002574 seconds
  Import took 0.006601 seconds .

========================================================================
Received Import Request.
  Time since last request: 0.002757 seconds.
  path: Assets/FrameworkDesign/Example/PointGame/Scripts/UI/GameStartPanel.cs
  artifactKey: Guid(5f6fb4093fb9c4fa6a92a4321f4c94b8) Importer(815301076,1909f56bfc062723c751e8b465ee728b)
Start importing Assets/FrameworkDesign/Example/PointGame/Scripts/UI/GameStartPanel.cs using Guid(5f6fb4093fb9c4fa6a92a4321f4c94b8) Importer(815301076,1909f56bfc062723c751e8b465ee728b)  -> (artifact id: 'b90501f1cc26fe0a3b6d69a269ff1c35') in 0.002106 seconds
  Import took 0.005088 seconds .

========================================================================
Received Import Request.
  Time since last request: 0.002416 seconds.
  path: Assets/FrameworkDesign/Framework/Architecture/ISystem.cs
  artifactKey: Guid(6b92215f7a8b44885a27ebbef8fb4586) Importer(815301076,1909f56bfc062723c751e8b465ee728b)
Start importing Assets/FrameworkDesign/Framework/Architecture/ISystem.cs using Guid(6b92215f7a8b44885a27ebbef8fb4586) Importer(815301076,1909f56bfc062723c751e8b465ee728b)  -> (artifact id: 'e3ddb79e6ed84bdbc7380602f621f703') in 0.001699 seconds
  Import took 0.005358 seconds .

========================================================================
Received Import Request.
  Time since last request: 0.002163 seconds.
  path: Assets/FrameworkDesign/Example/CountApp
  artifactKey: Guid(cd125d1982d684c2fa151875aff87b29) Importer(815301076,1909f56bfc062723c751e8b465ee728b)
Start importing Assets/FrameworkDesign/Example/CountApp using Guid(cd125d1982d684c2fa151875aff87b29) Importer(815301076,1909f56bfc062723c751e8b465ee728b)  -> (artifact id: 'be0f55345a7c3375c89c6d4969b97bfe') in 0.002256 seconds
  Import took 0.007524 seconds .

========================================================================
Received Import Request.
  Time since last request: 0.002072 seconds.
  path: Assets/FrameworkDesign/Example/PointGame
  artifactKey: Guid(09004552986b44e31a80bb55515c3927) Importer(815301076,1909f56bfc062723c751e8b465ee728b)
Start importing Assets/FrameworkDesign/Example/PointGame using Guid(09004552986b44e31a80bb55515c3927) Importer(815301076,1909f56bfc062723c751e8b465ee728b)  -> (artifact id: '5a2b1ccdcc85feb7d1105f4fb5e93ef2') in 0.001801 seconds
  Import took 0.006406 seconds .

========================================================================
Received Import Request.
  Time since last request: 0.003070 seconds.
  path: Assets/FrameworkDesign/Example/CountApp/IAchievementSystem.cs
  artifactKey: Guid(9c092d661bb854d369ef01388d5a24c6) Importer(815301076,1909f56bfc062723c751e8b465ee728b)
Start importing Assets/FrameworkDesign/Example/CountApp/IAchievementSystem.cs using Guid(9c092d661bb854d369ef01388d5a24c6) Importer(815301076,1909f56bfc062723c751e8b465ee728b)  -> (artifact id: 'b271234a3f2c052625abff9d9fddfd1c') in 0.002807 seconds
  Import took 0.007144 seconds .

========================================================================
Received Import Request.
  Time since last request: 0.003325 seconds.
  path: Assets/FrameworkDesign/Example/PointGame/Scripts/Command/BuyLifeCommand.cs
  artifactKey: Guid(98c136d801f84feaadc0c62e96929bd8) Importer(815301076,1909f56bfc062723c751e8b465ee728b)
Start importing Assets/FrameworkDesign/Example/PointGame/Scripts/Command/BuyLifeCommand.cs using Guid(98c136d801f84feaadc0c62e96929bd8) Importer(815301076,1909f56bfc062723c751e8b465ee728b)  -> (artifact id: '426503cb13503d9712597b1e3a74d023') in 0.003030 seconds
  Import took 0.006252 seconds .

========================================================================
Received Import Request.
  Time since last request: 0.002758 seconds.
  path: Assets/FrameworkDesign/Framework/Architecture/Rule/ICanSendCommand.cs
  artifactKey: Guid(b2f483ef6a1340438029ed90d5ff15ea) Importer(815301076,1909f56bfc062723c751e8b465ee728b)
Start importing Assets/FrameworkDesign/Framework/Architecture/Rule/ICanSendCommand.cs using Guid(b2f483ef6a1340438029ed90d5ff15ea) Importer(815301076,1909f56bfc062723c751e8b465ee728b)  -> (artifact id: '384154dec31a51d75d4fd04787e16514') in 0.002172 seconds
  Import took 0.005616 seconds .

========================================================================
Received Import Request.
  Time since last request: 0.001841 seconds.
  path: Assets/FrameworkDesign/Example/PointGame/Scripts/System
  artifactKey: Guid(e0e20c040f4194510bcb5edac4077e8f) Importer(815301076,1909f56bfc062723c751e8b465ee728b)
Start importing Assets/FrameworkDesign/Example/PointGame/Scripts/System using Guid(e0e20c040f4194510bcb5edac4077e8f) Importer(815301076,1909f56bfc062723c751e8b465ee728b)  -> (artifact id: '0e5cda62c8bd65ff3ae8958dd57efbd4') in 0.001213 seconds
  Import took 0.005715 seconds .

========================================================================
Received Import Request.
  Time since last request: 0.002411 seconds.
  path: Assets/FrameworkDesign/Framework/Architecture/Architecture.cs
  artifactKey: Guid(f80478e6cf11f4712b0194c0d1a383c3) Importer(815301076,1909f56bfc062723c751e8b465ee728b)
Start importing Assets/FrameworkDesign/Framework/Architecture/Architecture.cs using Guid(f80478e6cf11f4712b0194c0d1a383c3) Importer(815301076,1909f56bfc062723c751e8b465ee728b)  -> (artifact id: 'b4d401dfcf124cbefa350eb04f5a7117') in 0.001704 seconds
  Import took 0.005847 seconds .

========================================================================
Received Import Request.
  Time since last request: 0.003014 seconds.
  path: Assets/FrameworkDesign/Framework/Event/TypeEventSystem.cs
  artifactKey: Guid(9a200250a1e8b4ced8a46c9b8a1d5c5c) Importer(815301076,1909f56bfc062723c751e8b465ee728b)
Start importing Assets/FrameworkDesign/Framework/Event/TypeEventSystem.cs using Guid(9a200250a1e8b4ced8a46c9b8a1d5c5c) Importer(815301076,1909f56bfc062723c751e8b465ee728b)  -> (artifact id: '1a1d84554dd99057a0c0f1619d7a65ca') in 0.002175 seconds
  Import took 0.006888 seconds .

========================================================================
Received Import Request.
  Time since last request: 0.002952 seconds.
  path: Assets/FrameworkDesign/Example/PointGame/Scripts/UI/GamePanel.cs
  artifactKey: Guid(c57cbbae3737d4177b952d955435ed00) Importer(815301076,1909f56bfc062723c751e8b465ee728b)
Start importing Assets/FrameworkDesign/Example/PointGame/Scripts/UI/GamePanel.cs using Guid(c57cbbae3737d4177b952d955435ed00) Importer(815301076,1909f56bfc062723c751e8b465ee728b)  -> (artifact id: '2baa93121605887bd138aed8075166c9') in 0.002980 seconds
  Import took 0.007223 seconds .

========================================================================
Received Import Request.
  Time since last request: 0.002286 seconds.
  path: Assets/FrameworkDesign/Example/ShootingEditor2D/Scripts/System/GunSystem/IGunSystem.cs
  artifactKey: Guid(3ef9d2a3ea5e418c8cdb5ed3492877aa) Importer(815301076,1909f56bfc062723c751e8b465ee728b)
Start importing Assets/FrameworkDesign/Example/ShootingEditor2D/Scripts/System/GunSystem/IGunSystem.cs using Guid(3ef9d2a3ea5e418c8cdb5ed3492877aa) Importer(815301076,1909f56bfc062723c751e8b465ee728b)  -> (artifact id: '749efb1076ea053f04fb45215f605e0f') in 0.002247 seconds
  Import took 0.006073 seconds .

========================================================================
Received Import Request.
  Time since last request: 0.001813 seconds.
  path: Assets/FrameworkDesign/Framework/Architecture/Rule/ICanGetSystem.cs
  artifactKey: Guid(9fe1dea27b4b406face853f9cd98023b) Importer(815301076,1909f56bfc062723c751e8b465ee728b)
Start importing Assets/FrameworkDesign/Framework/Architecture/Rule/ICanGetSystem.cs using Guid(9fe1dea27b4b406face853f9cd98023b) Importer(815301076,1909f56bfc062723c751e8b465ee728b)  -> (artifact id: '256a7dde613164b0d6b336495dc629a4') in 0.002606 seconds
  Import took 0.006785 seconds .

========================================================================
Received Import Request.
  Time since last request: 0.002527 seconds.
  path: Assets/FrameworkDesign/Framework/BindableProperty/BindableProperty.cs
  artifactKey: Guid(5215bb4a146db426a9831dd565d611eb) Importer(815301076,1909f56bfc062723c751e8b465ee728b)
Start importing Assets/FrameworkDesign/Framework/BindableProperty/BindableProperty.cs using Guid(5215bb4a146db426a9831dd565d611eb) Importer(815301076,1909f56bfc062723c751e8b465ee728b)  -> (artifact id: '3ca485785e950cc20b7a87245e73a604') in 0.003621 seconds
  Import took 0.008616 seconds .

========================================================================
Received Import Request.
  Time since last request: 0.005581 seconds.
  path: Assets/FrameworkDesign/Framework/Architecture/IModel.cs
  artifactKey: Guid(cbb965fa49c4d4cba9de86614bc778fc) Importer(815301076,1909f56bfc062723c751e8b465ee728b)
Start importing Assets/FrameworkDesign/Framework/Architecture/IModel.cs using Guid(cbb965fa49c4d4cba9de86614bc778fc) Importer(815301076,1909f56bfc062723c751e8b465ee728b)  -> (artifact id: 'a39a76d1d8cf145c6a854e7c5d5858cd') in 0.003256 seconds
  Import took 0.007721 seconds .

========================================================================
Received Import Request.
  Time since last request: 0.003705 seconds.
  path: Assets/FrameworkDesign/Example/PointGame/Scripts/System/IAchievementSystem.cs
  artifactKey: Guid(bcc2e25d5508c428ebb4926fcdefdb73) Importer(815301076,1909f56bfc062723c751e8b465ee728b)
Start importing Assets/FrameworkDesign/Example/PointGame/Scripts/System/IAchievementSystem.cs using Guid(bcc2e25d5508c428ebb4926fcdefdb73) Importer(815301076,1909f56bfc062723c751e8b465ee728b)  -> (artifact id: 'cc211f91610b9360f46389d680cf342c') in 0.001488 seconds
  Import took 0.005687 seconds .

========================================================================
Received Import Request.
  Time since last request: 0.001773 seconds.
  path: Assets/FrameworkDesign/Example/PointGame/Scripts/UI/GamePassPanel.cs
  artifactKey: Guid(16578d9ccf7e542578a882e4e17bea72) Importer(815301076,1909f56bfc062723c751e8b465ee728b)
Start importing Assets/FrameworkDesign/Example/PointGame/Scripts/UI/GamePassPanel.cs using Guid(16578d9ccf7e542578a882e4e17bea72) Importer(815301076,1909f56bfc062723c751e8b465ee728b)  -> (artifact id: '657ba83d41ee246ad782f3e601572be6') in 0.002422 seconds
  Import took 0.006036 seconds .

========================================================================
Received Import Request.
  Time since last request: 0.001812 seconds.
  path: Assets/FrameworkDesign/Example/ShootingEditor2D/Scripts/Command/ReloadCommand.cs
  artifactKey: Guid(eb4c30993b494692b44b3aec30f48624) Importer(815301076,1909f56bfc062723c751e8b465ee728b)
Start importing Assets/FrameworkDesign/Example/ShootingEditor2D/Scripts/Command/ReloadCommand.cs using Guid(eb4c30993b494692b44b3aec30f48624) Importer(815301076,1909f56bfc062723c751e8b465ee728b)  -> (artifact id: '0c2e5594697bbfcefaedad4eccd5d735') in 0.002961 seconds
  Import took 0.006687 seconds .

========================================================================
Received Import Request.
  Time since last request: 0.002484 seconds.
  path: Assets/FrameworkDesign/Example/PointGame/Scripts/System/ICountDownSystem.cs
  artifactKey: Guid(14db7afce0d6d4dc294531f082bde499) Importer(815301076,1909f56bfc062723c751e8b465ee728b)
Start importing Assets/FrameworkDesign/Example/PointGame/Scripts/System/ICountDownSystem.cs using Guid(14db7afce0d6d4dc294531f082bde499) Importer(815301076,1909f56bfc062723c751e8b465ee728b)  -> (artifact id: 'e5ae43d10f1437e1d422a3b3ea56dfa2') in 0.002707 seconds
  Import took 0.007396 seconds .

========================================================================
Received Import Request.
  Time since last request: 0.005400 seconds.
  path: Assets/FrameworkDesign/Example/PointGame/IOC/IOCExample.unity
  artifactKey: Guid(e78cbb3712f8842a59d4f00bbccd216d) Importer(815301076,1909f56bfc062723c751e8b465ee728b)
Start importing Assets/FrameworkDesign/Example/PointGame/IOC/IOCExample.unity using Guid(e78cbb3712f8842a59d4f00bbccd216d) Importer(815301076,1909f56bfc062723c751e8b465ee728b)  -> (artifact id: '9f5dbc7f9e717184d51d7278d41ba46c') in 0.014889 seconds
  Import took 0.018383 seconds .

========================================================================
Received Import Request.
  Time since last request: 0.003312 seconds.
  path: Assets/FrameworkDesign/Example/PointGame/Scripts/Command/StartGameCommand.cs
  artifactKey: Guid(7fe92dc40810e4f4bb5fd71faa8ccd3e) Importer(815301076,1909f56bfc062723c751e8b465ee728b)
Start importing Assets/FrameworkDesign/Example/PointGame/Scripts/Command/StartGameCommand.cs using Guid(7fe92dc40810e4f4bb5fd71faa8ccd3e) Importer(815301076,1909f56bfc062723c751e8b465ee728b)  -> (artifact id: '0bf01c0112872358389501ea370288d6') in 0.002222 seconds
  Import took 0.005220 seconds .

========================================================================
Received Import Request.
  Time since last request: 0.005466 seconds.
  path: Assets/FrameworkDesign/Example/ShootingEditor2D/Scripts/ViewController/UI/UIGamePass.cs
  artifactKey: Guid(9c041077c78434b91a2432141084b706) Importer(815301076,1909f56bfc062723c751e8b465ee728b)
Start importing Assets/FrameworkDesign/Example/ShootingEditor2D/Scripts/ViewController/UI/UIGamePass.cs using Guid(9c041077c78434b91a2432141084b706) Importer(815301076,1909f56bfc062723c751e8b465ee728b)  -> (artifact id: 'c1f200355d923acf054b34d8ecba1c5c') in 0.003258 seconds
  Import took 0.007450 seconds .

========================================================================
Received Import Request.
  Time since last request: 0.006193 seconds.
  path: Assets/FrameworkDesign/Example/PointGame/Scripts/UI/UI.cs
  artifactKey: Guid(aa6b9c9d9fa3141f582cec73d57296fd) Importer(815301076,1909f56bfc062723c751e8b465ee728b)
Start importing Assets/FrameworkDesign/Example/PointGame/Scripts/UI/UI.cs using Guid(aa6b9c9d9fa3141f582cec73d57296fd) Importer(815301076,1909f56bfc062723c751e8b465ee728b)  -> (artifact id: '45b6ed17793a09f5c46b389ef2ee1b97') in 0.002007 seconds
  Import took 0.006669 seconds .

========================================================================
Received Import Request.
  Time since last request: 0.002787 seconds.
  path: Assets/FrameworkDesign/Example/ShootingEditor2D/Resources/Enemy.prefab
  artifactKey: Guid(3f8e21ba8144b4a86a7381d296e87bc0) Importer(815301076,1909f56bfc062723c751e8b465ee728b)
Start importing Assets/FrameworkDesign/Example/ShootingEditor2D/Resources/Enemy.prefab using Guid(3f8e21ba8144b4a86a7381d296e87bc0) Importer(815301076,1909f56bfc062723c751e8b465ee728b)  -> (artifact id: 'c6eb704b6d7bd8c64c3d2cc85785f757') in 1.656673 seconds
  Import took 1.660589 seconds .

========================================================================
Received Import Request.
  Time since last request: 0.002641 seconds.
  path: Assets/FrameworkDesign/Framework/Architecture/Rule/ICanSendEvent.cs
  artifactKey: Guid(6f371cd2b73144a54a83f0b4582e9713) Importer(815301076,1909f56bfc062723c751e8b465ee728b)
Start importing Assets/FrameworkDesign/Framework/Architecture/Rule/ICanSendEvent.cs using Guid(6f371cd2b73144a54a83f0b4582e9713) Importer(815301076,1909f56bfc062723c751e8b465ee728b)  -> (artifact id: 'ad136b001732cb80d008785a174ed305') in 0.002493 seconds
  Import took 0.005445 seconds .

========================================================================
Received Import Request.
  Time since last request: 0.001722 seconds.
  path: Assets/FrameworkDesign/Example/CountApp/AddCountCommand.cs
  artifactKey: Guid(b4817f5a7fbb5438e8c999ae61b3e0e7) Importer(815301076,1909f56bfc062723c751e8b465ee728b)
Start importing Assets/FrameworkDesign/Example/CountApp/AddCountCommand.cs using Guid(b4817f5a7fbb5438e8c999ae61b3e0e7) Importer(815301076,1909f56bfc062723c751e8b465ee728b)  -> (artifact id: 'a19247c355e2baca78e75eadcd59b42b') in 0.002389 seconds
  Import took 0.005452 seconds .

========================================================================
Received Import Request.
  Time since last request: 0.002931 seconds.
  path: Assets/FrameworkDesign/Example/ShootingEditor2D/Scripts/ViewController/GamePlay/Gun.cs
  artifactKey: Guid(3d7787edb165045188cc85879fdba4a5) Importer(815301076,1909f56bfc062723c751e8b465ee728b)
Start importing Assets/FrameworkDesign/Example/ShootingEditor2D/Scripts/ViewController/GamePlay/Gun.cs using Guid(3d7787edb165045188cc85879fdba4a5) Importer(815301076,1909f56bfc062723c751e8b465ee728b)  -> (artifact id: '6f83e43f838bd340fe8a9f02637d34b0') in 0.002372 seconds
  Import took 0.005124 seconds .

========================================================================
Received Import Request.
  Time since last request: 0.001726 seconds.
  path: Assets/FrameworkDesign/Example/ShootingEditor2D/Resources/NextLevel.prefab
  artifactKey: Guid(32e403956615646e48ba7c7ef998b304) Importer(815301076,1909f56bfc062723c751e8b465ee728b)
Start importing Assets/FrameworkDesign/Example/ShootingEditor2D/Resources/NextLevel.prefab using Guid(32e403956615646e48ba7c7ef998b304) Importer(815301076,1909f56bfc062723c751e8b465ee728b)  -> (artifact id: '7af86339c0314d9fbef7affb223a36f2') in 0.010196 seconds
  Import took 0.014002 seconds .

========================================================================
Received Import Request.
  Time since last request: 0.002809 seconds.
  path: Assets/FrameworkDesign/Example/PointGame/PlaneMaterial.mat
  artifactKey: Guid(e9191dd66e700495e9bf1fd7b402500d) Importer(815301076,1909f56bfc062723c751e8b465ee728b)
Start importing Assets/FrameworkDesign/Example/PointGame/PlaneMaterial.mat using Guid(e9191dd66e700495e9bf1fd7b402500d) Importer(815301076,1909f56bfc062723c751e8b465ee728b)  -> (artifact id: '25f6836dbcccb13844c56290dc413ab2') in 0.661286 seconds
  Import took 0.664851 seconds .

========================================================================
Received Import Request.
  Time since last request: 0.001555 seconds.
  path: Assets/FrameworkDesign/Example/PointGame/Scripts/Utility
  artifactKey: Guid(6957a822f997e475f8b054909886318e) Importer(815301076,1909f56bfc062723c751e8b465ee728b)
Start importing Assets/FrameworkDesign/Example/PointGame/Scripts/Utility using Guid(6957a822f997e475f8b054909886318e) Importer(815301076,1909f56bfc062723c751e8b465ee728b)  -> (artifact id: '296c03f5639a207c40ff495c6b705b64') in 0.001007 seconds
  Import took 0.003950 seconds .

========================================================================
Received Import Request.
  Time since last request: 0.001590 seconds.
  path: Assets/FrameworkDesign/Example/PointGame/Scripts/Command/MissCommand.cs
  artifactKey: Guid(be8def15e01464452afb7df4d1873bdc) Importer(815301076,1909f56bfc062723c751e8b465ee728b)
Start importing Assets/FrameworkDesign/Example/PointGame/Scripts/Command/MissCommand.cs using Guid(be8def15e01464452afb7df4d1873bdc) Importer(815301076,1909f56bfc062723c751e8b465ee728b)  -> (artifact id: '12b2e9708947b3539b87a3366c566d7e') in 0.001818 seconds
  Import took 0.006041 seconds .

========================================================================
Received Import Request.
  Time since last request: 0.002568 seconds.
  path: Assets/FrameworkDesign/Example/ShootingEditor2D/Scripts/ViewController/UI/UIGameStart.cs
  artifactKey: Guid(6477e7385a9d74b1da00c72b18ef6233) Importer(815301076,1909f56bfc062723c751e8b465ee728b)
Start importing Assets/FrameworkDesign/Example/ShootingEditor2D/Scripts/ViewController/UI/UIGameStart.cs using Guid(6477e7385a9d74b1da00c72b18ef6233) Importer(815301076,1909f56bfc062723c751e8b465ee728b)  -> (artifact id: 'db1136b64ba05b0c933c9febba4211f1') in 0.001841 seconds
  Import took 0.005356 seconds .

========================================================================
Received Import Request.
  Time since last request: 0.001801 seconds.
  path: Assets/FrameworkDesign/Framework/BindableProperty
  artifactKey: Guid(3d1cd8f414687464eb228010e7973020) Importer(815301076,1909f56bfc062723c751e8b465ee728b)
Start importing Assets/FrameworkDesign/Framework/BindableProperty using Guid(3d1cd8f414687464eb228010e7973020) Importer(815301076,1909f56bfc062723c751e8b465ee728b)  -> (artifact id: 'e982df3bbdf45ecba056fafa0e220436') in 0.000964 seconds
  Import took 0.004645 seconds .

========================================================================
Received Import Request.
  Time since last request: 0.002186 seconds.
  path: Assets/FrameworkDesign/Example/ShootingEditor2D/Scripts/ViewController/GamePlay/Bullet.cs
  artifactKey: Guid(756ec4df708e14bc39d8c98853c3dbd4) Importer(815301076,1909f56bfc062723c751e8b465ee728b)
Start importing Assets/FrameworkDesign/Example/ShootingEditor2D/Scripts/ViewController/GamePlay/Bullet.cs using Guid(756ec4df708e14bc39d8c98853c3dbd4) Importer(815301076,1909f56bfc062723c751e8b465ee728b)  -> (artifact id: '3c7c561332e9955fcfc3d68df84480b2') in 0.001994 seconds
  Import took 0.005545 seconds .

========================================================================
Received Import Request.
  Time since last request: 0.006045 seconds.
  path: Assets/FrameworkDesign/Example/ShootingEditor2D/Scripts/ShootingEditor2D.cs
  artifactKey: Guid(68aba8e9df04d497fbf44231165ff9ff) Importer(815301076,1909f56bfc062723c751e8b465ee728b)
Start importing Assets/FrameworkDesign/Example/ShootingEditor2D/Scripts/ShootingEditor2D.cs using Guid(68aba8e9df04d497fbf44231165ff9ff) Importer(815301076,1909f56bfc062723c751e8b465ee728b)  -> (artifact id: '5db1350ac72c52d545ffe5ed45625960') in 0.001536 seconds
  Import took 0.004422 seconds .

========================================================================
Received Import Request.
  Time since last request: 0.001772 seconds.
  path: Assets/FrameworkDesign/Example/CountApp/CounterViewController.cs
  artifactKey: Guid(41c5a96d7c20e4e0cbaea58c2c1b5efd) Importer(815301076,1909f56bfc062723c751e8b465ee728b)
Start importing Assets/FrameworkDesign/Example/CountApp/CounterViewController.cs using Guid(41c5a96d7c20e4e0cbaea58c2c1b5efd) Importer(815301076,1909f56bfc062723c751e8b465ee728b)  -> (artifact id: '5c74625c6eed32acb015d1f03cddd87d') in 0.001388 seconds
  Import took 0.004224 seconds .

========================================================================
Received Import Request.
  Time since last request: 0.001545 seconds.
  path: Assets/FrameworkDesign/Example/PointGame/Scripts/Game/Enemy.cs
  artifactKey: Guid(1cd96cb36800b4a839c0d4b531b674fb) Importer(815301076,1909f56bfc062723c751e8b465ee728b)
Start importing Assets/FrameworkDesign/Example/PointGame/Scripts/Game/Enemy.cs using Guid(1cd96cb36800b4a839c0d4b531b674fb) Importer(815301076,1909f56bfc062723c751e8b465ee728b)  -> (artifact id: '2129e429b79dfbe3b7e9f4dd5ed82499') in 0.001676 seconds
  Import took 0.005763 seconds .

========================================================================
Received Import Request.
  Time since last request: 0.002226 seconds.
  path: Assets/FrameworkDesign/Example/PointGame/IOC
  artifactKey: Guid(21ffc351ad4d54391964f796beb8e463) Importer(815301076,1909f56bfc062723c751e8b465ee728b)
Start importing Assets/FrameworkDesign/Example/PointGame/IOC using Guid(21ffc351ad4d54391964f796beb8e463) Importer(815301076,1909f56bfc062723c751e8b465ee728b)  -> (artifact id: '1c76b8f3ce8af691c864d25ba069edf2') in 0.001296 seconds
  Import took 0.005964 seconds .

========================================================================
Received Import Request.
  Time since last request: 0.002596 seconds.
  path: Assets/FrameworkDesign/Example/PointGame/Scripts/PointGame.cs
  artifactKey: Guid(82a0955f9a97f4e389191f2015faf548) Importer(815301076,1909f56bfc062723c751e8b465ee728b)
Start importing Assets/FrameworkDesign/Example/PointGame/Scripts/PointGame.cs using Guid(82a0955f9a97f4e389191f2015faf548) Importer(815301076,1909f56bfc062723c751e8b465ee728b)  -> (artifact id: 'de2500d14750d93131dbc5544387b1c0') in 0.002037 seconds
  Import took 0.006968 seconds .

========================================================================
Received Import Request.
  Time since last request: 0.003941 seconds.
  path: Assets/FrameworkDesign/Example/PointGame/Scripts/Game/ErrorArea.cs
  artifactKey: Guid(34d920e6f03fb4cb99904f4d6821014f) Importer(815301076,1909f56bfc062723c751e8b465ee728b)
Start importing Assets/FrameworkDesign/Example/PointGame/Scripts/Game/ErrorArea.cs using Guid(34d920e6f03fb4cb99904f4d6821014f) Importer(815301076,1909f56bfc062723c751e8b465ee728b)  -> (artifact id: '8444321e876a8380d96d0f4b398acee7') in 0.002581 seconds
  Import took 0.006978 seconds .

========================================================================
Received Import Request.
  Time since last request: 0.005400 seconds.
  path: Assets/FrameworkDesign/Example/PointGame/Scripts/Event/GameStartEvent.cs
  artifactKey: Guid(b717580f33be54944a9208978d1eb44b) Importer(815301076,1909f56bfc062723c751e8b465ee728b)
Start importing Assets/FrameworkDesign/Example/PointGame/Scripts/Event/GameStartEvent.cs using Guid(b717580f33be54944a9208978d1eb44b) Importer(815301076,1909f56bfc062723c751e8b465ee728b)  -> (artifact id: '924b2f513e0f4cbdf837266804d74dae') in 0.001463 seconds
  Import took 0.004241 seconds .

========================================================================
Received Import Request.
  Time since last request: 0.005169 seconds.
  path: Assets/FrameworkDesign/Example/PointGame/Scripts/Game
  artifactKey: Guid(3137b640e6beb4c8eb0732320a8dc575) Importer(815301076,1909f56bfc062723c751e8b465ee728b)
Start importing Assets/FrameworkDesign/Example/PointGame/Scripts/Game using Guid(3137b640e6beb4c8eb0732320a8dc575) Importer(815301076,1909f56bfc062723c751e8b465ee728b)  -> (artifact id: 'edf7d8e3013346548e8642d651a1d407') in 0.001814 seconds
  Import took 0.006067 seconds .

========================================================================
Received Import Request.
  Time since last request: 0.002982 seconds.
  path: Assets/FrameworkDesign/Framework/Singleton/Singleton.cs
  artifactKey: Guid(6972cde73281148898f3e3d5fbc657bc) Importer(815301076,1909f56bfc062723c751e8b465ee728b)
Start importing Assets/FrameworkDesign/Framework/Singleton/Singleton.cs using Guid(6972cde73281148898f3e3d5fbc657bc) Importer(815301076,1909f56bfc062723c751e8b465ee728b)  -> (artifact id: 'cb192103931c86d1a197e0e61a2e362f') in 0.002075 seconds
  Import took 0.006350 seconds .

========================================================================
Received Import Request.
  Time since last request: 0.003004 seconds.
  path: Assets/FrameworkDesign/Example/ShootingEditor2D/Scripts/Command/ShootCommand.cs
  artifactKey: Guid(17a2a547a8b34e899cbebbc9fb87d3f0) Importer(815301076,1909f56bfc062723c751e8b465ee728b)
Start importing Assets/FrameworkDesign/Example/ShootingEditor2D/Scripts/Command/ShootCommand.cs using Guid(17a2a547a8b34e899cbebbc9fb87d3f0) Importer(815301076,1909f56bfc062723c751e8b465ee728b)  -> (artifact id: '22bfc943cba5405ed41bef3e1b87f14e') in 0.003671 seconds
  Import took 0.008425 seconds .

========================================================================
Received Import Request.
  Time since last request: 0.003150 seconds.
  path: Assets/FrameworkDesign/Example/PointGame/Scripts/Event/OnCountDownEndEvent.cs
  artifactKey: Guid(b547d21bdbe541bd88a1476708c3c36d) Importer(815301076,1909f56bfc062723c751e8b465ee728b)
Start importing Assets/FrameworkDesign/Example/PointGame/Scripts/Event/OnCountDownEndEvent.cs using Guid(b547d21bdbe541bd88a1476708c3c36d) Importer(815301076,1909f56bfc062723c751e8b465ee728b)  -> (artifact id: '3ed50423a6108ebf9d23859ef581cab5') in 0.002789 seconds
  Import took 0.007926 seconds .

========================================================================
Received Import Request.
  Time since last request: 0.002536 seconds.
  path: Assets/FrameworkDesign/Example/PointGame/Scripts/Model
  artifactKey: Guid(b0b25c5366ea44b688351c227c4a3b41) Importer(815301076,1909f56bfc062723c751e8b465ee728b)
Start importing Assets/FrameworkDesign/Example/PointGame/Scripts/Model using Guid(b0b25c5366ea44b688351c227c4a3b41) Importer(815301076,1909f56bfc062723c751e8b465ee728b)  -> (artifact id: '2adfd93ea6c0925a340aff65f35a285b') in 0.000870 seconds
  Import took 0.004714 seconds .

========================================================================
Received Import Request.
  Time since last request: 0.002357 seconds.
  path: Assets/FrameworkDesign/Framework/IOC
  artifactKey: Guid(aa80fb0e4b887449f8d50137aff4f10c) Importer(815301076,1909f56bfc062723c751e8b465ee728b)
Start importing Assets/FrameworkDesign/Framework/IOC using Guid(aa80fb0e4b887449f8d50137aff4f10c) Importer(815301076,1909f56bfc062723c751e8b465ee728b)  -> (artifact id: 'ecb0f3bb00da83f508cabba2cb389bb5') in 0.000963 seconds
  Import took 0.004054 seconds .

========================================================================
Received Import Request.
  Time since last request: 0.002455 seconds.
  path: Assets/FrameworkDesign/Example/CountApp/Editor
  artifactKey: Guid(21e43b1bd83774e29acab5d7aac28630) Importer(815301076,1909f56bfc062723c751e8b465ee728b)
Start importing Assets/FrameworkDesign/Example/CountApp/Editor using Guid(21e43b1bd83774e29acab5d7aac28630) Importer(815301076,1909f56bfc062723c751e8b465ee728b)  -> (artifact id: 'f1d660a1918611c984ba3fe703d48f8a') in 0.001501 seconds
  Import took 0.006559 seconds .

========================================================================
Received Import Request.
  Time since last request: 0.003164 seconds.
  path: Assets/FrameworkDesign/Example/ShootingEditor2D/Scripts/System/TImeSystem/ITimeSystem.cs
  artifactKey: Guid(73710e8eff7b94b7b913c241f5057e0c) Importer(815301076,1909f56bfc062723c751e8b465ee728b)
Start importing Assets/FrameworkDesign/Example/ShootingEditor2D/Scripts/System/TImeSystem/ITimeSystem.cs using Guid(73710e8eff7b94b7b913c241f5057e0c) Importer(815301076,1909f56bfc062723c751e8b465ee728b)  -> (artifact id: '406b5d1bbe23f3752e5f49b8f93dfe3b') in 0.001871 seconds
  Import took 0.006517 seconds .

========================================================================
Received Import Request.
  Time since last request: 0.002649 seconds.
  path: Assets/FrameworkDesign/Example/ShootingEditor2D/Scripts/Model/IPlayerModel.cs
  artifactKey: Guid(73353462d3014af0b150a66185e19130) Importer(815301076,1909f56bfc062723c751e8b465ee728b)
Start importing Assets/FrameworkDesign/Example/ShootingEditor2D/Scripts/Model/IPlayerModel.cs using Guid(73353462d3014af0b150a66185e19130) Importer(815301076,1909f56bfc062723c751e8b465ee728b)  -> (artifact id: 'effac61a69ef7a390c6f6b80d57c9b65') in 0.003025 seconds
  Import took 0.007220 seconds .

========================================================================
Received Import Request.
  Time since last request: 0.002302 seconds.
  path: Assets/FrameworkDesign/Example
  artifactKey: Guid(b9486b17132d541219204784e5b6f854) Importer(815301076,1909f56bfc062723c751e8b465ee728b)
Start importing Assets/FrameworkDesign/Example using Guid(b9486b17132d541219204784e5b6f854) Importer(815301076,1909f56bfc062723c751e8b465ee728b)  -> (artifact id: 'a11897cba672e7954d0d216cf271a247') in 0.001240 seconds
  Import took 0.005436 seconds .

========================================================================
Received Import Request.
  Time since last request: 0.001739 seconds.
  path: Assets/FrameworkDesign/Example/ShootingEditor2D/Scripts/Command/KillEnemyCommand.cs
  artifactKey: Guid(71ac66147fbe43bca267a90778392620) Importer(815301076,1909f56bfc062723c751e8b465ee728b)
Start importing Assets/FrameworkDesign/Example/ShootingEditor2D/Scripts/Command/KillEnemyCommand.cs using Guid(71ac66147fbe43bca267a90778392620) Importer(815301076,1909f56bfc062723c751e8b465ee728b)  -> (artifact id: 'bf3ae5ffb53c28514c721d80e2adf57a') in 0.002274 seconds
  Import took 0.005286 seconds .

========================================================================
Received Import Request.
  Time since last request: 0.003555 seconds.
  path: Assets/FrameworkDesign/Example/PointGame/Scripts/Game/Game.cs
  artifactKey: Guid(185caafbe8e5b46cd8835cf0c56c3897) Importer(815301076,1909f56bfc062723c751e8b465ee728b)
Start importing Assets/FrameworkDesign/Example/PointGame/Scripts/Game/Game.cs using Guid(185caafbe8e5b46cd8835cf0c56c3897) Importer(815301076,1909f56bfc062723c751e8b465ee728b)  -> (artifact id: 'ae5313af3962391d3cde72eb1dcd98a4') in 0.001730 seconds
  Import took 0.006045 seconds .

========================================================================
Received Import Request.
  Time since last request: 0.002497 seconds.
  path: Assets/FrameworkDesign/Framework/Architecture/Rule/ICanGetUtility.cs
  artifactKey: Guid(584d3e4bd36be41e3bac93899cc88e5d) Importer(815301076,1909f56bfc062723c751e8b465ee728b)
Start importing Assets/FrameworkDesign/Framework/Architecture/Rule/ICanGetUtility.cs using Guid(584d3e4bd36be41e3bac93899cc88e5d) Importer(815301076,1909f56bfc062723c751e8b465ee728b)  -> (artifact id: '1def35caa492a90e68268b7f4db22df2') in 0.002581 seconds
  Import took 0.007643 seconds .

========================================================================
Received Import Request.
  Time since last request: 0.002882 seconds.
  path: Assets/FrameworkDesign/Example/ShootingEditor2D/Scripts/ViewController/GamePlay/Trigger2DCheck.cs
  artifactKey: Guid(60aacab0246184159a6897d53d29120c) Importer(815301076,1909f56bfc062723c751e8b465ee728b)
Start importing Assets/FrameworkDesign/Example/ShootingEditor2D/Scripts/ViewController/GamePlay/Trigger2DCheck.cs using Guid(60aacab0246184159a6897d53d29120c) Importer(815301076,1909f56bfc062723c751e8b465ee728b)  -> (artifact id: 'c052e421370fb8290a10d200602dfddc') in 0.002695 seconds
  Import took 0.007261 seconds .

========================================================================
Received Import Request.
  Time since last request: 0.006412 seconds.
  path: Assets/FrameworkDesign/Example/ShootingEditor2D/Scripts/ViewController/GamePlay/CameraController.cs
  artifactKey: Guid(3b2254bd77d684a82ad6a58a6ba6f766) Importer(815301076,1909f56bfc062723c751e8b465ee728b)
Start importing Assets/FrameworkDesign/Example/ShootingEditor2D/Scripts/ViewController/GamePlay/CameraController.cs using Guid(3b2254bd77d684a82ad6a58a6ba6f766) Importer(815301076,1909f56bfc062723c751e8b465ee728b)  -> (artifact id: '65743fd22b743cade46865e27ed42a7f') in 0.002870 seconds
  Import took 0.006879 seconds .

========================================================================
Received Import Request.
  Time since last request: 0.003553 seconds.
  path: Assets/FrameworkDesign/Example/ShootingEditor2D/Scripts/ViewController/UI/UIGameOver.cs
  artifactKey: Guid(795cbbf9a1b3547339bf271995e7da6d) Importer(815301076,1909f56bfc062723c751e8b465ee728b)
Start importing Assets/FrameworkDesign/Example/ShootingEditor2D/Scripts/ViewController/UI/UIGameOver.cs using Guid(795cbbf9a1b3547339bf271995e7da6d) Importer(815301076,1909f56bfc062723c751e8b465ee728b)  -> (artifact id: '5e4cbc618ae231f4deaf87a045c34ea9') in 0.001393 seconds
  Import took 0.004247 seconds .

========================================================================
Received Import Request.
  Time since last request: 0.002027 seconds.
  path: Assets/FrameworkDesign/Framework/Singleton
  artifactKey: Guid(1262d23fea81349ab95e29321468aed5) Importer(815301076,1909f56bfc062723c751e8b465ee728b)
Start importing Assets/FrameworkDesign/Framework/Singleton using Guid(1262d23fea81349ab95e29321468aed5) Importer(815301076,1909f56bfc062723c751e8b465ee728b)  -> (artifact id: '3cd1b7d33b514a9487c3649503891e3e') in 0.000893 seconds
  Import took 0.003601 seconds .

========================================================================
Received Import Request.
  Time since last request: 0.002990 seconds.
  path: Assets/FrameworkDesign/Example/PointGame/Scripts
  artifactKey: Guid(81c8a0a17a33640dc9a183fb00605766) Importer(815301076,1909f56bfc062723c751e8b465ee728b)
Start importing Assets/FrameworkDesign/Example/PointGame/Scripts using Guid(81c8a0a17a33640dc9a183fb00605766) Importer(815301076,1909f56bfc062723c751e8b465ee728b)  -> (artifact id: '48fc0c6a20d9f2c21a157431a1ebf10d') in 0.001205 seconds
  Import took 0.006207 seconds .

========================================================================
Received Import Request.
  Time since last request: 0.002503 seconds.
  path: Assets/FrameworkDesign/Example/PointGame/Scripts/Command
  artifactKey: Guid(6f531a6419c8f4a1bbccf1b0bd715232) Importer(815301076,1909f56bfc062723c751e8b465ee728b)
Start importing Assets/FrameworkDesign/Example/PointGame/Scripts/Command using Guid(6f531a6419c8f4a1bbccf1b0bd715232) Importer(815301076,1909f56bfc062723c751e8b465ee728b)  -> (artifact id: '0cb59dee96622c6cae9c39595da5f389') in 0.001445 seconds
  Import took 0.005920 seconds .

========================================================================
Received Import Request.
  Time since last request: 0.002221 seconds.
  path: Assets/FrameworkDesign/Framework/Event
  artifactKey: Guid(66889a1fa03534b12a0c81069f6db177) Importer(815301076,1909f56bfc062723c751e8b465ee728b)
Start importing Assets/FrameworkDesign/Framework/Event using Guid(66889a1fa03534b12a0c81069f6db177) Importer(815301076,1909f56bfc062723c751e8b465ee728b)  -> (artifact id: '36e8c9679cb09c937482d9404ecd7e65') in 0.001124 seconds
  Import took 0.005789 seconds .

AssetImportWorkerClient::OnTransportError - code=2 error=End of file
